<?xml version="1.0" encoding="UTF-8"?>
<testsuite xmlns:xsi="http://www.w3.org/2001/XMLSchema-instance" xsi:noNamespaceSchemaLocation="https://maven.apache.org/surefire/maven-surefire-plugin/xsd/surefire-test-report.xsd" version="3.0.1" name="autoTest.accuweather.alarm.FifteenDaysOfWeatherAlarmsTest" time="2.193" tests="1" errors="0" skipped="0" failures="0">
  <properties>
    <property name="java.specification.version" value="21"/>
    <property name="sun.cpu.isalist" value="amd64"/>
    <property name="sun.jnu.encoding" value="Cp1252"/>
    <property name="java.class.path" value="C:\Users\Alex\Desktop\GB\Mobile_testing\AutoTestHomework5-master\target\test-classes;C:\Users\Alex\Desktop\GB\Mobile_testing\AutoTestHomework5-master\target\classes;C:\Users\Alex\.m2\repository\org\junit\jupiter\junit-jupiter-engine\5.7.2\junit-jupiter-engine-5.7.2.jar;C:\Users\Alex\.m2\repository\org\apiguardian\apiguardian-api\1.1.0\apiguardian-api-1.1.0.jar;C:\Users\Alex\.m2\repository\org\junit\platform\junit-platform-engine\1.7.2\junit-platform-engine-1.7.2.jar;C:\Users\Alex\.m2\repository\org\opentest4j\opentest4j\1.2.0\opentest4j-1.2.0.jar;C:\Users\Alex\.m2\repository\org\junit\platform\junit-platform-commons\1.7.2\junit-platform-commons-1.7.2.jar;C:\Users\Alex\.m2\repository\org\junit\jupiter\junit-jupiter-api\5.7.2\junit-jupiter-api-5.7.2.jar;C:\Users\Alex\.m2\repository\org\junit\jupiter\junit-jupiter-params\5.7.2\junit-jupiter-params-5.7.2.jar;C:\Users\Alex\.m2\repository\com\fasterxml\jackson\core\jackson-databind\2.15.0\jackson-databind-2.15.0.jar;C:\Users\Alex\.m2\repository\com\fasterxml\jackson\core\jackson-annotations\2.15.0\jackson-annotations-2.15.0.jar;C:\Users\Alex\.m2\repository\com\fasterxml\jackson\core\jackson-core\2.15.0\jackson-core-2.15.0.jar;C:\Users\Alex\.m2\repository\ch\qos\logback\logback-core\1.3.5\logback-core-1.3.5.jar;C:\Users\Alex\.m2\repository\org\slf4j\slf4j-api\2.0.4\slf4j-api-2.0.4.jar;C:\Users\Alex\.m2\repository\ch\qos\logback\logback-classic\1.3.5\logback-classic-1.3.5.jar;C:\Users\Alex\.m2\repository\org\mockito\mockito-core\5.3.1\mockito-core-5.3.1.jar;C:\Users\Alex\.m2\repository\net\bytebuddy\byte-buddy\1.14.4\byte-buddy-1.14.4.jar;C:\Users\Alex\.m2\repository\net\bytebuddy\byte-buddy-agent\1.14.4\byte-buddy-agent-1.14.4.jar;C:\Users\Alex\.m2\repository\org\objenesis\objenesis\3.3\objenesis-3.3.jar;C:\Users\Alex\.m2\repository\org\mockito\mockito-junit-jupiter\5.3.1\mockito-junit-jupiter-5.3.1.jar;C:\Users\Alex\.m2\repository\com\github\tomakehurst\wiremock\1.58\wiremock-1.58.jar;C:\Users\Alex\.m2\repository\org\apache\httpcomponents\httpclient\4.5\httpclient-4.5.jar;C:\Users\Alex\.m2\repository\org\apache\httpcomponents\httpcore\4.4.1\httpcore-4.4.1.jar;C:\Users\Alex\.m2\repository\commons-logging\commons-logging\1.2\commons-logging-1.2.jar;C:\Users\Alex\.m2\repository\commons-codec\commons-codec\1.9\commons-codec-1.9.jar;C:\Users\Alex\.m2\repository\xmlunit\xmlunit\1.6\xmlunit-1.6.jar;C:\Users\Alex\.m2\repository\org\mortbay\jetty\jetty\6.1.26\jetty-6.1.26.jar;C:\Users\Alex\.m2\repository\org\mortbay\jetty\jetty-util\6.1.26\jetty-util-6.1.26.jar;C:\Users\Alex\.m2\repository\org\mortbay\jetty\servlet-api\2.5-20081211\servlet-api-2.5-20081211.jar;C:\Users\Alex\.m2\repository\org\skyscreamer\jsonassert\1.2.3\jsonassert-1.2.3.jar;C:\Users\Alex\.m2\repository\org\json\json\20090211\json-20090211.jar;C:\Users\Alex\.m2\repository\com\jayway\jsonpath\json-path\0.8.1\json-path-0.8.1.jar;C:\Users\Alex\.m2\repository\net\minidev\json-smart\1.1.1\json-smart-1.1.1.jar;C:\Users\Alex\.m2\repository\commons-lang\commons-lang\2.6\commons-lang-2.6.jar;C:\Users\Alex\.m2\repository\net\sf\jopt-simple\jopt-simple\4.9\jopt-simple-4.9.jar;C:\Users\Alex\.m2\repository\com\google\guava\guava\18.0\guava-18.0.jar;"/>
    <property name="java.vm.vendor" value="Oracle Corporation"/>
    <property name="sun.arch.data.model" value="64"/>
    <property name="user.variant" value=""/>
    <property name="java.vendor.url" value="https://java.oracle.com/"/>
    <property name="user.timezone" value="Europe/Moscow"/>
    <property name="os.name" value="Windows 10"/>
    <property name="java.vm.specification.version" value="21"/>
    <property name="sun.java.launcher" value="SUN_STANDARD"/>
    <property name="user.country" value="RU"/>
    <property name="sun.boot.library.path" value="C:\Program Files\Java\jdk-21\bin"/>
    <property name="sun.java.command" value="C:\Users\Alex\AppData\Local\Temp\surefire17068131885539458252\surefirebooter-20240903204903228_3.jar C:\Users\Alex\AppData\Local\Temp\surefire17068131885539458252 2024-09-03T20-49-01_564-jvmRun1 surefire-20240903204903228_1tmp surefire_0-20240903204903228_2tmp"/>
    <property name="jdk.debug" value="release"/>
    <property name="surefire.test.class.path" value="C:\Users\Alex\Desktop\GB\Mobile_testing\AutoTestHomework5-master\target\test-classes;C:\Users\Alex\Desktop\GB\Mobile_testing\AutoTestHomework5-master\target\classes;C:\Users\Alex\.m2\repository\org\junit\jupiter\junit-jupiter-engine\5.7.2\junit-jupiter-engine-5.7.2.jar;C:\Users\Alex\.m2\repository\org\apiguardian\apiguardian-api\1.1.0\apiguardian-api-1.1.0.jar;C:\Users\Alex\.m2\repository\org\junit\platform\junit-platform-engine\1.7.2\junit-platform-engine-1.7.2.jar;C:\Users\Alex\.m2\repository\org\opentest4j\opentest4j\1.2.0\opentest4j-1.2.0.jar;C:\Users\Alex\.m2\repository\org\junit\platform\junit-platform-commons\1.7.2\junit-platform-commons-1.7.2.jar;C:\Users\Alex\.m2\repository\org\junit\jupiter\junit-jupiter-api\5.7.2\junit-jupiter-api-5.7.2.jar;C:\Users\Alex\.m2\repository\org\junit\jupiter\junit-jupiter-params\5.7.2\junit-jupiter-params-5.7.2.jar;C:\Users\Alex\.m2\repository\com\fasterxml\jackson\core\jackson-databind\2.15.0\jackson-databind-2.15.0.jar;C:\Users\Alex\.m2\repository\com\fasterxml\jackson\core\jackson-annotations\2.15.0\jackson-annotations-2.15.0.jar;C:\Users\Alex\.m2\repository\com\fasterxml\jackson\core\jackson-core\2.15.0\jackson-core-2.15.0.jar;C:\Users\Alex\.m2\repository\ch\qos\logback\logback-core\1.3.5\logback-core-1.3.5.jar;C:\Users\Alex\.m2\repository\org\slf4j\slf4j-api\2.0.4\slf4j-api-2.0.4.jar;C:\Users\Alex\.m2\repository\ch\qos\logback\logback-classic\1.3.5\logback-classic-1.3.5.jar;C:\Users\Alex\.m2\repository\org\mockito\mockito-core\5.3.1\mockito-core-5.3.1.jar;C:\Users\Alex\.m2\repository\net\bytebuddy\byte-buddy\1.14.4\byte-buddy-1.14.4.jar;C:\Users\Alex\.m2\repository\net\bytebuddy\byte-buddy-agent\1.14.4\byte-buddy-agent-1.14.4.jar;C:\Users\Alex\.m2\repository\org\objenesis\objenesis\3.3\objenesis-3.3.jar;C:\Users\Alex\.m2\repository\org\mockito\mockito-junit-jupiter\5.3.1\mockito-junit-jupiter-5.3.1.jar;C:\Users\Alex\.m2\repository\com\github\tomakehurst\wiremock\1.58\wiremock-1.58.jar;C:\Users\Alex\.m2\repository\org\apache\httpcomponents\httpclient\4.5\httpclient-4.5.jar;C:\Users\Alex\.m2\repository\org\apache\httpcomponents\httpcore\4.4.1\httpcore-4.4.1.jar;C:\Users\Alex\.m2\repository\commons-logging\commons-logging\1.2\commons-logging-1.2.jar;C:\Users\Alex\.m2\repository\commons-codec\commons-codec\1.9\commons-codec-1.9.jar;C:\Users\Alex\.m2\repository\xmlunit\xmlunit\1.6\xmlunit-1.6.jar;C:\Users\Alex\.m2\repository\org\mortbay\jetty\jetty\6.1.26\jetty-6.1.26.jar;C:\Users\Alex\.m2\repository\org\mortbay\jetty\jetty-util\6.1.26\jetty-util-6.1.26.jar;C:\Users\Alex\.m2\repository\org\mortbay\jetty\servlet-api\2.5-20081211\servlet-api-2.5-20081211.jar;C:\Users\Alex\.m2\repository\org\skyscreamer\jsonassert\1.2.3\jsonassert-1.2.3.jar;C:\Users\Alex\.m2\repository\org\json\json\20090211\json-20090211.jar;C:\Users\Alex\.m2\repository\com\jayway\jsonpath\json-path\0.8.1\json-path-0.8.1.jar;C:\Users\Alex\.m2\repository\net\minidev\json-smart\1.1.1\json-smart-1.1.1.jar;C:\Users\Alex\.m2\repository\commons-lang\commons-lang\2.6\commons-lang-2.6.jar;C:\Users\Alex\.m2\repository\net\sf\jopt-simple\jopt-simple\4.9\jopt-simple-4.9.jar;C:\Users\Alex\.m2\repository\com\google\guava\guava\18.0\guava-18.0.jar;"/>
    <property name="sun.cpu.endian" value="little"/>
    <property name="user.home" value="C:\Users\Alex"/>
    <property name="user.language" value="ru"/>
    <property name="java.specification.vendor" value="Oracle Corporation"/>
    <property name="java.version.date" value="2024-01-16"/>
    <property name="java.home" value="C:\Program Files\Java\jdk-21"/>
    <property name="file.separator" value="\"/>
    <property name="basedir" value="C:\Users\Alex\Desktop\GB\Mobile_testing\AutoTestHomework5-master"/>
    <property name="java.vm.compressedOopsMode" value="Zero based"/>
    <property name="line.separator" value="&#10;"/>
    <property name="java.vm.specification.vendor" value="Oracle Corporation"/>
    <property name="java.specification.name" value="Java Platform API Specification"/>
    <property name="surefire.real.class.path" value="C:\Users\Alex\AppData\Local\Temp\surefire17068131885539458252\surefirebooter-20240903204903228_3.jar"/>
    <property name="user.script" value=""/>
    <property name="sun.management.compiler" value="HotSpot 64-Bit Tiered Compilers"/>
    <property name="java.runtime.version" value="21.0.2+13-LTS-58"/>
    <property name="user.name" value="Alex"/>
    <property name="stdout.encoding" value="Cp1252"/>
    <property name="path.separator" value=";"/>
    <property name="os.version" value="10.0"/>
    <property name="java.runtime.name" value="Java(TM) SE Runtime Environment"/>
    <property name="file.encoding" value="UTF-8"/>
    <property name="java.vm.name" value="Java HotSpot(TM) 64-Bit Server VM"/>
    <property name="localRepository" value="C:\Users\Alex\.m2\repository"/>
    <property name="java.vendor.url.bug" value="https://bugreport.java.com/bugreport/"/>
    <property name="java.io.tmpdir" value="C:\Users\Alex\AppData\Local\Temp\"/>
    <property name="idea.version" value="2023.3.4"/>
    <property name="java.version" value="21.0.2"/>
    <property name="user.dir" value="C:\Users\Alex\Desktop\GB\Mobile_testing\AutoTestHomework5-master"/>
    <property name="os.arch" value="amd64"/>
    <property name="java.vm.specification.name" value="Java Virtual Machine Specification"/>
    <property name="sun.os.patch.level" value=""/>
    <property name="native.encoding" value="Cp1252"/>
    <property name="java.library.path" value="C:\Program Files\Java\jdk-21\bin;C:\Windows\Sun\Java\bin;C:\Windows\system32;C:\Windows;C:\Program Files\Common Files\Oracle\Java\javapath;C:\Program Files (x86)\Common Files\Oracle\Java\javapath;C:\Program Files (x86)\Intel\Intel(R) Management Engine Components\iCLS\;C:\Program Files\Intel\Intel(R) Management Engine Components\iCLS\;C:\Windows\system32;C:\Windows;C:\Windows\System32\Wbem;C:\Windows\System32\WindowsPowerShell\v1.0\;C:\Windows\System32\OpenSSH\;C:\Program Files (x86)\NVIDIA Corporation\PhysX\Common;C:\Program Files\NVIDIA Corporation\NVIDIA NvDLISR;C:\Program Files (x86)\Intel\Intel(R) Management Engine Components\DAL;C:\Program Files\Intel\Intel(R) Management Engine Components\DAL;C:\Program Files (x86)\Intel\Intel(R) Management Engine Components\IPT;C:\Program Files\Intel\Intel(R) Management Engine Components\IPT;C:\Program Files\Git\cmd;C:\Program Files\dotnet\;C:\Program Files\Microsoft SQL Server\150\Tools\Binn\;C:\Program Files\Microsoft SQL Server\Client SDK\ODBC\170\Tools\Binn\;C:\Program Files\PuTTY\;C:\Program Files\MySQL\MySQL Server 8.4\bin;C:\Users\Alex\AppData\Local\Microsoft\WindowsApps;C:\Users\Alex\AppData\Local\Programs\Microsoft VS Code\bin;C:\Users\Alex\.dotnet\tools;C:\Users\Alex\AppData\Local\Programs\Python\Python311;;C:\Program Files\JetBrains\IntelliJ IDEA 2023.3.2\bin;;C:\Program Files\JetBrains\IntelliJ IDEA Community Edition 2023.3\bin;;C:\Program Files\JetBrains\PyCharm Community Edition 2024.1.4\bin;;C:\Users\Alex\AppData\Roaming\Programs\Zero Install;."/>
    <property name="java.vm.info" value="mixed mode, sharing"/>
    <property name="stderr.encoding" value="Cp1252"/>
    <property name="java.vendor" value="Oracle Corporation"/>
    <property name="java.vm.version" value="21.0.2+13-LTS-58"/>
    <property name="sun.io.unicode.encoding" value="UnicodeLittle"/>
    <property name="java.class.version" value="65.0"/>
  </properties>
  <testcase name="getFifteenDaysOfWeatherAlarms_shouldReturn401" classname="autoTest.accuweather.alarm.FifteenDaysOfWeatherAlarmsTest" time="1.507">
    <system-out><![CDATA[20:49:04,023 |-INFO in ch.qos.logback.classic.LoggerContext[default] - This is logback-classic version 1.3.5
20:49:04,046 |-INFO in ch.qos.logback.classic.LoggerContext[default] - Could NOT find resource [logback-test.xml]
20:49:04,046 |-INFO in ch.qos.logback.classic.LoggerContext[default] - Found resource [logback.xml] at [file:/C:/Users/Alex/Desktop/GB/Mobile_testing/AutoTestHomework5-master/target/classes/logback.xml]
20:49:04,154 |-INFO in ch.qos.logback.core.model.processor.AppenderModelHandler - Processing appender named [STDOUT]
20:49:04,154 |-INFO in ch.qos.logback.core.model.processor.AppenderModelHandler - About to instantiate appender of type [ch.qos.logback.core.ConsoleAppender]
20:49:04,160 |-INFO in ch.qos.logback.core.model.processor.ImplicitModelHandler - Assuming default type [ch.qos.logback.classic.encoder.PatternLayoutEncoder] for [encoder] property
20:49:04,189 |-INFO in ch.qos.logback.core.model.processor.AppenderModelHandler - Processing appender named [FILE]
20:49:04,189 |-INFO in ch.qos.logback.core.model.processor.AppenderModelHandler - About to instantiate appender of type [ch.qos.logback.core.FileAppender]
20:49:04,192 |-WARN in ch.qos.logback.core.model.processor.ImplicitModelHandler - Ignoring unknown property [rollingPolicy] in [ch.qos.logback.core.FileAppender]
20:49:04,197 |-INFO in ch.qos.logback.core.model.processor.ImplicitModelHandler - Assuming default type [ch.qos.logback.classic.encoder.PatternLayoutEncoder] for [encoder] property
20:49:04,197 |-INFO in ch.qos.logback.core.FileAppender[FILE] - File property is set to [C:\GB_Cours\TS\BeginAutoTest\Homework\AutoTestHomework5\src\test\resources/tests.log]
20:49:04,202 |-INFO in ch.qos.logback.classic.model.processor.RootLoggerModelHandler - Setting level of ROOT logger to DEBUG
20:49:04,202 |-INFO in ch.qos.logback.core.model.processor.AppenderRefModelHandler - Attaching appender named [STDOUT] to Logger[ROOT]
20:49:04,202 |-INFO in ch.qos.logback.core.model.processor.AppenderRefModelHandler - Attaching appender named [FILE] to Logger[ROOT]
20:49:04,202 |-INFO in ch.qos.logback.core.model.processor.DefaultProcessor@49c90a9c - End of configuration.
20:49:04,203 |-INFO in ch.qos.logback.classic.joran.JoranConfigurator@2d29b4ee - Registering current configuration as safe fallback point

20:49:04.454 [main] INFO  org.mortbay.log - Logging to Logger[org.mortbay.log] via org.mortbay.log.Slf4jLog
20:49:04.457 [main] DEBUG org.mortbay.log - Container Server@2ceb80a1 + org.mortbay.thread.QueuedThreadPool@7ca33c24 as threadpool
20:49:04.460 [main] DEBUG org.mortbay.log - Container Server@2ceb80a1 + DelayableSocketConnector@0.0.0.0:8080 as connector
20:49:04.469 [main] DEBUG org.mortbay.log - Container Server@2ceb80a1 + org.mortbay.jetty.servlet.Context@1dd6d4b7{/__admin,null} as handler
20:49:04.469 [main] DEBUG org.mortbay.log - Container org.mortbay.jetty.servlet.Context@1dd6d4b7{/__admin,null} + ServletHandler@56e8b606 as handler
20:49:04.472 [main] DEBUG org.mortbay.log - Container ServletHandler@56e8b606 + com.github.tomakehurst.wiremock.jetty6.Jetty6HandlerDispatchingServlet-1544078442 as servlet
20:49:04.474 [main] DEBUG org.mortbay.log - Container ServletHandler@56e8b606 + (S=com.github.tomakehurst.wiremock.jetty6.Jetty6HandlerDispatchingServlet-1544078442,[/]) as servletMapping
20:49:04.477 [main] DEBUG org.mortbay.log - filterNameMap=null
20:49:04.477 [main] DEBUG org.mortbay.log - pathFilters=null
20:49:04.477 [main] DEBUG org.mortbay.log - servletFilterMap=null
20:49:04.477 [main] DEBUG org.mortbay.log - servletPathMap={/=com.github.tomakehurst.wiremock.jetty6.Jetty6HandlerDispatchingServlet-1544078442}
20:49:04.478 [main] DEBUG org.mortbay.log - servletNameMap={com.github.tomakehurst.wiremock.jetty6.Jetty6HandlerDispatchingServlet-1544078442=com.github.tomakehurst.wiremock.jetty6.Jetty6HandlerDispatchingServlet-1544078442}
20:49:04.478 [main] DEBUG org.mortbay.log - Container ServletHandler@56e8b606 - com.github.tomakehurst.wiremock.jetty6.Jetty6HandlerDispatchingServlet-1544078442 as servlet
20:49:04.479 [main] DEBUG org.mortbay.log - Container ServletHandler@56e8b606 - (S=com.github.tomakehurst.wiremock.jetty6.Jetty6HandlerDispatchingServlet-1544078442,[/]) as servletMapping
20:49:04.479 [main] DEBUG org.mortbay.log - Container Server@2ceb80a1 - org.mortbay.jetty.servlet.Context@1dd6d4b7{/__admin,null} as handler
20:49:04.479 [main] DEBUG org.mortbay.log - Container Server@2ceb80a1 + HandlerCollection@2cc3ad05 as handler
20:49:04.479 [main] DEBUG org.mortbay.log - Container ServletHandler@56e8b606 + com.github.tomakehurst.wiremock.jetty6.Jetty6HandlerDispatchingServlet-1544078442 as servlet
20:49:04.479 [main] DEBUG org.mortbay.log - Container ServletHandler@56e8b606 + (S=com.github.tomakehurst.wiremock.jetty6.Jetty6HandlerDispatchingServlet-1544078442,[/]) as servletMapping
20:49:04.479 [main] DEBUG org.mortbay.log - Container org.mortbay.jetty.servlet.Context@1dd6d4b7{/__admin,null} + ServletHandler@56e8b606 as handler
20:49:04.479 [main] DEBUG org.mortbay.log - Container HandlerCollection@2cc3ad05 + org.mortbay.jetty.servlet.Context@1dd6d4b7{/__admin,null} as handler
20:49:04.479 [main] DEBUG org.mortbay.log - Container HandlerCollection@2cc3ad05 + org.mortbay.jetty.servlet.Context@1dd6d4b7{/__admin,null} as handler
20:49:04.480 [main] DEBUG org.mortbay.log - Container HandlerCollection@2cc3ad05 + org.mortbay.jetty.servlet.Context@1dd6d4b7{/__admin,null} as handler
20:49:04.480 [main] DEBUG org.mortbay.log - Container HandlerCollection@2cc3ad05 + org.mortbay.jetty.servlet.Context@710b18a6{/,null} as handler
20:49:04.480 [main] DEBUG org.mortbay.log - Container org.mortbay.jetty.servlet.Context@710b18a6{/,null} + ServletHandler@119020fb as handler
20:49:04.481 [main] DEBUG org.mortbay.log - Container ServletHandler@119020fb + org.mortbay.jetty.servlet.DefaultServlet-1930903395 as servlet
20:49:04.482 [main] DEBUG org.mortbay.log - Container ServletHandler@119020fb + (S=org.mortbay.jetty.servlet.DefaultServlet-1930903395,[/__files/*]) as servletMapping
20:49:04.482 [main] DEBUG org.mortbay.log - filterNameMap=null
20:49:04.482 [main] DEBUG org.mortbay.log - pathFilters=null
20:49:04.482 [main] DEBUG org.mortbay.log - servletFilterMap=null
20:49:04.482 [main] DEBUG org.mortbay.log - servletPathMap={/__files/*=org.mortbay.jetty.servlet.DefaultServlet-1930903395}
20:49:04.483 [main] DEBUG org.mortbay.log - servletNameMap={org.mortbay.jetty.servlet.DefaultServlet-1930903395=org.mortbay.jetty.servlet.DefaultServlet-1930903395}
20:49:04.483 [main] DEBUG org.mortbay.log - Container ServletHandler@119020fb + com.github.tomakehurst.wiremock.jetty6.Jetty6HandlerDispatchingServlet-872522004 as servlet
20:49:04.483 [main] DEBUG org.mortbay.log - Container ServletHandler@119020fb + (S=com.github.tomakehurst.wiremock.jetty6.Jetty6HandlerDispatchingServlet-872522004,[/]) as servletMapping
20:49:04.483 [main] DEBUG org.mortbay.log - filterNameMap=null
20:49:04.483 [main] DEBUG org.mortbay.log - pathFilters=null
20:49:04.483 [main] DEBUG org.mortbay.log - servletFilterMap=null
20:49:04.484 [main] DEBUG org.mortbay.log - servletPathMap={/__files/*=org.mortbay.jetty.servlet.DefaultServlet-1930903395, /=com.github.tomakehurst.wiremock.jetty6.Jetty6HandlerDispatchingServlet-872522004}
20:49:04.484 [main] DEBUG org.mortbay.log - servletNameMap={com.github.tomakehurst.wiremock.jetty6.Jetty6HandlerDispatchingServlet-872522004=com.github.tomakehurst.wiremock.jetty6.Jetty6HandlerDispatchingServlet-872522004, org.mortbay.jetty.servlet.DefaultServlet-1930903395=org.mortbay.jetty.servlet.DefaultServlet-1930903395}
20:49:04.509 [main] DEBUG org.mortbay.log - Container ServletHandler@119020fb + com.github.tomakehurst.wiremock.servlet.ContentTypeSettingFilter-1064905627 as filter
20:49:04.517 [main] DEBUG org.mortbay.log - Container ServletHandler@119020fb + (F=com.github.tomakehurst.wiremock.servlet.ContentTypeSettingFilter-1064905627,[/__files/*],[],2) as filterMapping
20:49:04.520 [main] DEBUG org.mortbay.log - filterNameMap={com.github.tomakehurst.wiremock.servlet.ContentTypeSettingFilter-1064905627=com.github.tomakehurst.wiremock.servlet.ContentTypeSettingFilter-1064905627}
20:49:04.520 [main] DEBUG org.mortbay.log - pathFilters=[(F=com.github.tomakehurst.wiremock.servlet.ContentTypeSettingFilter-1064905627,[/__files/*],[],2)]
20:49:04.520 [main] DEBUG org.mortbay.log - servletFilterMap=null
20:49:04.520 [main] DEBUG org.mortbay.log - servletPathMap={/__files/*=org.mortbay.jetty.servlet.DefaultServlet-1930903395, /=com.github.tomakehurst.wiremock.jetty6.Jetty6HandlerDispatchingServlet-872522004}
20:49:04.520 [main] DEBUG org.mortbay.log - servletNameMap={com.github.tomakehurst.wiremock.jetty6.Jetty6HandlerDispatchingServlet-872522004=com.github.tomakehurst.wiremock.jetty6.Jetty6HandlerDispatchingServlet-872522004, org.mortbay.jetty.servlet.DefaultServlet-1930903395=org.mortbay.jetty.servlet.DefaultServlet-1930903395}
20:49:04.521 [main] DEBUG org.mortbay.log - Container ServletHandler@119020fb + com.github.tomakehurst.wiremock.servlet.TrailingSlashFilter-2143739483 as filter
20:49:04.522 [main] DEBUG org.mortbay.log - Container ServletHandler@119020fb + (F=com.github.tomakehurst.wiremock.servlet.TrailingSlashFilter-2143739483,[/__files/*],[],15) as filterMapping
20:49:04.522 [main] DEBUG org.mortbay.log - filterNameMap={com.github.tomakehurst.wiremock.servlet.TrailingSlashFilter-2143739483=com.github.tomakehurst.wiremock.servlet.TrailingSlashFilter-2143739483, com.github.tomakehurst.wiremock.servlet.ContentTypeSettingFilter-1064905627=com.github.tomakehurst.wiremock.servlet.ContentTypeSettingFilter-1064905627}
20:49:04.523 [main] DEBUG org.mortbay.log - pathFilters=[(F=com.github.tomakehurst.wiremock.servlet.ContentTypeSettingFilter-1064905627,[/__files/*],[],2), (F=com.github.tomakehurst.wiremock.servlet.TrailingSlashFilter-2143739483,[/__files/*],[],15)]
20:49:04.523 [main] DEBUG org.mortbay.log - servletFilterMap=null
20:49:04.523 [main] DEBUG org.mortbay.log - servletPathMap={/__files/*=org.mortbay.jetty.servlet.DefaultServlet-1930903395, /=com.github.tomakehurst.wiremock.jetty6.Jetty6HandlerDispatchingServlet-872522004}
20:49:04.523 [main] DEBUG org.mortbay.log - servletNameMap={com.github.tomakehurst.wiremock.jetty6.Jetty6HandlerDispatchingServlet-872522004=com.github.tomakehurst.wiremock.jetty6.Jetty6HandlerDispatchingServlet-872522004, org.mortbay.jetty.servlet.DefaultServlet-1930903395=org.mortbay.jetty.servlet.DefaultServlet-1930903395}
20:49:04.523 [main] DEBUG org.mortbay.log - Container HandlerCollection@2cc3ad05 + org.mortbay.jetty.servlet.Context@1dd6d4b7{/__admin,null} as handler
20:49:04.523 [main] DEBUG org.mortbay.log - Container HandlerCollection@2cc3ad05 + org.mortbay.jetty.servlet.Context@710b18a6{/,null} as handler
20:49:04.551 [main] INFO  autoTest.accuweather.AbstractTest - Start WireMockServer on port 8080
20:49:04.569 [main] INFO  a.a.a.FifteenDaysOfWeatherAlarmsTest - Тест код ответ 401 запущен
20:49:04.570 [main] DEBUG a.a.a.FifteenDaysOfWeatherAlarmsTest - Формируем мок GET /alarms/v1/15day//290421
20:49:06.020 [main] DEBUG a.a.a.FifteenDaysOfWeatherAlarmsTest - http клиент создан
20:49:06.058 [main] DEBUG autoTest.accuweather.AbstractTest - convertResponseToString method call
]]></system-out>
  </testcase>
</testsuite>